2021-03-26 14:36:23 INFO  EmployeesRestAPI:19 - *********Started T_Post__Record **********
2021-03-26 14:36:23 INFO  EmployeesRestAPI:22 - *********Started LIVE_POST_API **********
2021-03-26 14:36:29 INFO  EmployeesRestAPI:52 - ***********  Checking Respose Body **********
2021-03-26 14:36:29 INFO  EmployeesRestAPI:56 - Response Body1==>{"transactionStatus":"ACCEPTED"}
2021-03-26 15:22:34 INFO  EmployeesRestAPI:20 - *********Started T_Post__Record **********
2021-03-26 15:22:34 INFO  EmployeesRestAPI:23 - *********Started LIVE_POST_API **********
2021-03-26 15:22:41 INFO  EmployeesRestAPI:53 - ***********  Checking Respose Body **********
2021-03-26 15:22:41 INFO  EmployeesRestAPI:57 - Response Body1==>{"transactionStatus":"ACCEPTED"}
2021-03-26 15:53:15 INFO  EmployeesRestAPI:21 - *********Started T_Post__Record **********
2021-03-26 15:53:15 INFO  EmployeesRestAPI:24 - *********Started LIVE_POST_API **********
2021-03-26 15:53:22 INFO  EmployeesRestAPI:54 - ***********  Checking Respose Body **********
2021-03-26 15:53:22 INFO  EmployeesRestAPI:58 - Response Body1==>{"transactionStatus":"ACCEPTED"}
2021-03-26 16:20:57 INFO  EmployeesRestAPI:23 - *********Started Test Case **********
2021-03-26 16:20:57 INFO  EmployeesRestAPI:26 - *********Started Post Request Process **********
2021-03-26 16:21:04 INFO  EmployeesRestAPI:56 - ***********  Checking Respose Body **********
2021-03-26 16:21:04 INFO  EmployeesRestAPI:60 - Response Body==>{"transactionStatus":"ACCEPTED"}
2021-03-26 16:23:17 INFO  EmployeesRestAPI:23 - *********Started Test Case **********
2021-03-26 16:23:17 INFO  EmployeesRestAPI:26 - *********Started Post Request Process **********
2021-03-26 16:23:23 INFO  EmployeesRestAPI:56 - ***********  Checking Respose Body **********
2021-03-26 16:23:23 INFO  EmployeesRestAPI:60 - Response Body==>{"transactionStatus":"ACCEPTED"}
2021-03-26 16:24:15 INFO  EmployeesRestAPI:23 - *********Started Test Case **********
2021-03-26 16:24:16 INFO  EmployeesRestAPI:26 - *********Started Post Request Process **********
2021-03-26 16:24:23 INFO  EmployeesRestAPI:56 - ***********  Checking Respose Body **********
2021-03-26 16:24:23 INFO  EmployeesRestAPI:60 - Response Body==>{"transactionStatus":"ACCEPTED"}
2021-03-26 16:24:59 INFO  EmployeesRestAPI:23 - *********Started Test Case **********
2021-03-26 16:24:59 INFO  EmployeesRestAPI:26 - *********Started Post Request Process **********
2021-03-26 16:25:47 INFO  EmployeesRestAPI:23 - *********Started Test Case **********
2021-03-26 16:25:47 INFO  EmployeesRestAPI:26 - *********Started Post Request Process **********
2021-03-26 16:25:54 INFO  EmployeesRestAPI:56 - ***********  Checking Respose Body **********
2021-03-26 16:25:54 INFO  EmployeesRestAPI:60 - Response Body==>{"transactionStatus":"ACCEPTED"}
2021-03-28 11:55:21 INFO  Reward Engine Test:20 - *********Started Test Case **********
2021-03-28 12:07:24 INFO  Reward Engine Test:20 - *********Started Test Case **********
2021-03-28 12:12:38 INFO  Reward Engine Test:20 - *********Started Test Case **********
2021-03-28 12:13:13 INFO  Reward Engine Test:20 - *********Started Test Case **********
2021-03-28 12:15:34 INFO  Reward Engine Test:20 - *********Started Test Case **********
2021-03-28 12:15:34 INFO  Reward Engine Test:23 - *********Started_Post_Request_Process **********
2021-03-28 12:15:45 INFO  Reward Engine Test:37 - ***********  Checking Respose Body **********
2021-03-28 12:15:45 INFO  Reward Engine Test:40 - Response Body==>{"transactionStatus":"ACCEPTED"}
2021-03-28 12:16:58 INFO  Reward Engine Test:20 - *********Started Test Case **********
2021-03-28 12:16:58 INFO  Reward Engine Test:23 - *********Started_Post_Request_Process **********
2021-03-28 12:17:09 INFO  Reward Engine Test:37 - ***********  Checking Respose Body **********
2021-03-28 12:17:09 INFO  Reward Engine Test:40 - Response Body==>{"transactionStatus":"BAD_REQUEST"}
2021-03-28 12:17:42 INFO  Reward Engine Test:20 - *********Started Test Case **********
2021-03-28 12:17:42 INFO  Reward Engine Test:23 - *********Started_Post_Request_Process **********
2021-03-28 12:17:53 INFO  Reward Engine Test:37 - ***********  Checking Respose Body **********
2021-03-28 12:17:53 INFO  Reward Engine Test:40 - Response Body==>{"transactionStatus":"BAD_REQUEST"}
2021-03-28 12:18:49 INFO  Reward Engine Test:20 - *********Started Test Case **********
2021-03-28 12:18:49 INFO  Reward Engine Test:23 - *********Started_Post_Request_Process **********
2021-03-28 12:19:00 INFO  Reward Engine Test:37 - ***********  Checking Respose Body **********
2021-03-28 12:19:00 INFO  Reward Engine Test:40 - Response Body==>{"transactionStatus":"BAD_REQUEST"}
2021-03-28 12:22:54 INFO  Reward Engine Test:23 - *********Started Test Case **********
2021-03-28 12:22:54 INFO  Reward Engine Test:26 - *********Started Post Request Process **********
2021-03-28 12:23:00 INFO  Reward Engine Test:56 - ***********  Checking Respose Body **********
2021-03-28 12:23:00 INFO  Reward Engine Test:60 - Response Body==>{"transactionStatus":"BAD_REQUEST"}
2021-03-29 11:50:39 INFO  Reward Engine Test:22 - *********Started Test Case **********
2021-03-29 11:50:39 INFO  Reward Engine Test:25 - *********Started_Post_Request_Process **********
2021-03-29 11:50:50 INFO  Reward Engine Test:39 - ***********  Checking Respose Body **********
2021-03-29 11:50:50 INFO  Reward Engine Test:42 - Response Body==>{"transactionStatus":"ACCEPTED"}
2021-03-29 11:52:15 INFO  Reward Engine Test:22 - *********Started Test Case **********
2021-03-29 11:52:15 INFO  Reward Engine Test:25 - *********Started_Post_Request_Process **********
2021-03-29 11:52:26 INFO  Reward Engine Test:39 - ***********  Checking Respose Body **********
2021-03-29 11:52:26 INFO  Reward Engine Test:42 - Response Body==>{"transactionStatus":"ACCEPTED"}
2021-03-29 11:53:38 INFO  Reward Engine Test:22 - *********Started Test Case **********
2021-03-29 11:53:38 INFO  Reward Engine Test:25 - *********Started_Post_Request_Process **********
2021-03-29 11:53:49 INFO  Reward Engine Test:39 - ***********  Checking Respose Body **********
2021-03-29 11:53:49 INFO  Reward Engine Test:42 - Response Body==>{"transactionStatus":"ACCEPTED"}
2021-03-29 11:54:49 INFO  Reward Engine Test:22 - *********Started Test Case **********
2021-03-29 11:54:49 INFO  Reward Engine Test:25 - *********Started_Post_Request_Process **********
2021-03-29 11:55:00 INFO  Reward Engine Test:39 - ***********  Checking Respose Body **********
2021-03-29 11:55:00 INFO  Reward Engine Test:42 - Response Body==>{"transactionStatus":"ACCEPTED"}
2021-03-29 11:58:54 INFO  Reward Engine Test:22 - *********Started Test Case **********
2021-03-29 11:58:54 INFO  Reward Engine Test:25 - *********Started_Post_Request_Process **********
2021-03-29 11:59:05 INFO  Reward Engine Test:39 - ***********  Checking Respose Body **********
2021-03-29 11:59:05 INFO  Reward Engine Test:42 - Response Body==>{"transactionStatus":"ACCEPTED"}
2021-03-29 12:01:37 INFO  Reward Engine Test:22 - *********Started Test Case **********
2021-03-29 12:01:37 INFO  Reward Engine Test:25 - *********Started_Post_Request_Process **********
2021-03-29 12:01:48 INFO  Reward Engine Test:39 - ***********  Checking Respose Body **********
2021-03-29 12:01:48 INFO  Reward Engine Test:42 - Response Body==>{"transactionStatus":"ACCEPTED"}
2021-03-29 12:13:54 INFO  Reward Engine Test:22 - *********Started Test Case **********
2021-03-29 12:13:54 INFO  Reward Engine Test:25 - *********Started_Post_Request_Process **********
2021-03-29 12:14:05 INFO  Reward Engine Test:39 - ***********  Checking Respose Body **********
2021-03-29 12:14:05 INFO  Reward Engine Test:42 - Response Body==>{"transactionStatus":"ACCEPTED"}
2021-03-29 12:15:20 INFO  Reward Engine Test:22 - *********Started Test Case **********
2021-03-29 12:15:20 INFO  Reward Engine Test:25 - *********Started_Post_Request_Process **********
2021-03-29 12:15:31 INFO  Reward Engine Test:39 - ***********  Checking Respose Body **********
2021-03-29 12:15:31 INFO  Reward Engine Test:42 - Response Body==>{"transactionStatus":"ACCEPTED"}
2021-03-29 12:16:31 INFO  Reward Engine Test:22 - *********Started Test Case **********
2021-03-29 12:16:31 INFO  Reward Engine Test:25 - *********Started_Post_Request_Process **********
2021-03-29 12:16:42 INFO  Reward Engine Test:39 - ***********  Checking Respose Body **********
2021-03-29 12:16:42 INFO  Reward Engine Test:42 - Response Body==>{"transactionStatus":"ACCEPTED"}
2021-03-29 12:26:49 INFO  Reward Engine Test:22 - *********Started Test Case **********
2021-03-29 12:26:49 INFO  Reward Engine Test:25 - *********Started_Post_Request_Process **********
2021-03-29 12:27:00 INFO  Reward Engine Test:39 - ***********  Checking Respose Body **********
2021-03-29 12:27:00 INFO  Reward Engine Test:42 - Response Body==>{"transactionStatus":"ACCEPTED"}
2021-03-29 12:28:05 INFO  Reward Engine Test:22 - *********Started Test Case **********
2021-03-29 12:28:05 INFO  Reward Engine Test:25 - *********Started_Post_Request_Process **********
2021-03-29 12:28:16 INFO  Reward Engine Test:39 - ***********  Checking Respose Body **********
2021-03-29 12:28:16 INFO  Reward Engine Test:42 - Response Body==>{"transactionStatus":"ACCEPTED"}
2021-03-29 12:29:14 INFO  Reward Engine Test:22 - *********Started Test Case **********
2021-03-29 12:29:14 INFO  Reward Engine Test:25 - *********Started_Post_Request_Process **********
2021-03-29 12:29:25 INFO  Reward Engine Test:39 - ***********  Checking Respose Body **********
2021-03-29 12:29:25 INFO  Reward Engine Test:42 - Response Body==>{"transactionStatus":"ACCEPTED"}
2021-03-29 12:31:16 INFO  Reward Engine Test:22 - *********Started Test Case **********
2021-03-29 12:31:16 INFO  Reward Engine Test:25 - *********Started_Post_Request_Process **********
2021-03-29 12:31:27 INFO  Reward Engine Test:39 - ***********  Checking Respose Body **********
2021-03-29 12:31:27 INFO  Reward Engine Test:42 - Response Body==>{"transactionStatus":"ACCEPTED"}
2021-03-29 12:37:19 INFO  Reward Engine Test:22 - *********Started Test Case **********
2021-03-29 12:37:19 INFO  Reward Engine Test:25 - *********Started_Post_Request_Process **********
2021-03-29 12:37:30 INFO  Reward Engine Test:39 - ***********  Checking Respose Body **********
2021-03-29 12:37:30 INFO  Reward Engine Test:42 - Response Body==>{"transactionStatus":"ACCEPTED"}
2021-03-29 12:41:14 INFO  Reward Engine Test:22 - *********Started Test Case **********
2021-03-29 12:41:14 INFO  Reward Engine Test:25 - *********Started_Post_Request_Process **********
2021-03-29 12:41:25 INFO  Reward Engine Test:39 - ***********  Checking Respose Body **********
2021-03-29 12:41:25 INFO  Reward Engine Test:42 - Response Body==>{"transactionStatus":"ACCEPTED"}
2021-03-29 12:47:39 INFO  Reward Engine Test:22 - *********Started Test Case **********
2021-03-29 12:47:39 INFO  Reward Engine Test:25 - *********Started_Post_Request_Process **********
2021-03-29 12:47:50 INFO  Reward Engine Test:39 - ***********  Checking Respose Body **********
2021-03-29 12:47:50 INFO  Reward Engine Test:42 - Response Body==>{"transactionStatus":"ACCEPTED"}
2021-03-29 12:56:11 INFO  Reward Engine Test:22 - *********Started Test Case **********
2021-03-29 12:56:11 INFO  Reward Engine Test:25 - *********Started_Post_Request_Process **********
2021-03-29 12:56:22 INFO  Reward Engine Test:39 - ***********  Checking Respose Body **********
2021-03-29 12:56:22 INFO  Reward Engine Test:42 - Response Body==>{"transactionStatus":"ACCEPTED"}
2021-03-29 13:02:17 INFO  Reward Engine Test:22 - *********Started Test Case **********
2021-03-29 13:02:17 INFO  Reward Engine Test:25 - *********Started_Post_Request_Process **********
2021-03-29 13:02:28 INFO  Reward Engine Test:39 - ***********  Checking Respose Body **********
2021-03-29 13:02:28 INFO  Reward Engine Test:42 - Response Body==>{"transactionStatus":"ACCEPTED"}
2021-03-29 13:42:38 INFO  Reward Engine Test:22 - *********Started Test Case **********
2021-03-29 13:42:38 INFO  Reward Engine Test:25 - *********Started_Post_Request_Process **********
2021-03-29 13:42:49 INFO  Reward Engine Test:39 - ***********  Checking Respose Body **********
2021-03-29 13:42:49 INFO  Reward Engine Test:42 - Response Body==>{"transactionStatus":"ACCEPTED"}
2021-03-29 13:48:00 INFO  Reward Engine Test:22 - *********Started Test Case **********
2021-03-29 13:48:00 INFO  Reward Engine Test:25 - *********Started_Post_Request_Process **********
2021-03-29 13:48:11 INFO  Reward Engine Test:39 - ***********  Checking Respose Body **********
2021-03-29 13:48:11 INFO  Reward Engine Test:42 - Response Body==>{"transactionStatus":"ACCEPTED"}
2021-03-30 11:55:25 INFO  Reward Engine Test:25 - *********Started Test Case **********
2021-03-30 11:55:25 INFO  Reward Engine Test:28 - *********Started_Post_Request_Process **********
2021-03-30 11:55:36 INFO  Reward Engine Test:42 - ***********  Checking Respose Body **********
2021-03-30 11:55:36 INFO  Reward Engine Test:45 - Response Body==>{"transactionStatus":"ACCEPTED"}
2021-03-30 12:01:19 INFO  Reward Engine Test:25 - *********Started Test Case **********
2021-03-30 12:01:19 INFO  Reward Engine Test:28 - *********Started_Post_Request_Process **********
2021-03-30 12:01:30 INFO  Reward Engine Test:42 - ***********  Checking Respose Body **********
2021-03-30 12:01:30 INFO  Reward Engine Test:45 - Response Body==>{"transactionStatus":"ACCEPTED"}
2021-03-30 12:06:24 INFO  Reward Engine Test:25 - *********Started Test Case **********
2021-03-30 12:06:24 INFO  Reward Engine Test:28 - *********Started_Post_Request_Process **********
2021-03-30 12:06:35 INFO  Reward Engine Test:42 - ***********  Checking Respose Body **********
2021-03-30 12:06:35 INFO  Reward Engine Test:45 - Response Body==>{"transactionStatus":"ACCEPTED"}
2021-03-30 12:12:49 INFO  Reward Engine Test:25 - *********Started Test Case **********
2021-03-30 12:12:49 INFO  Reward Engine Test:28 - *********Started_Post_Request_Process **********
2021-03-30 12:13:00 INFO  Reward Engine Test:42 - ***********  Checking Respose Body **********
2021-03-30 12:13:00 INFO  Reward Engine Test:45 - Response Body==>{"transactionStatus":"ACCEPTED"}
2021-03-30 12:17:27 INFO  Reward Engine Test:25 - *********Started Test Case **********
2021-03-30 12:17:27 INFO  Reward Engine Test:28 - *********Started_Post_Request_Process **********
2021-03-30 12:17:38 INFO  Reward Engine Test:42 - ***********  Checking Respose Body **********
2021-03-30 12:17:38 INFO  Reward Engine Test:45 - Response Body==>{"transactionStatus":"ACCEPTED"}
2021-03-30 12:21:24 INFO  Reward Engine Test:25 - *********Started Test Case **********
2021-03-30 12:21:24 INFO  Reward Engine Test:28 - *********Started_Post_Request_Process **********
2021-03-30 12:21:35 INFO  Reward Engine Test:42 - ***********  Checking Respose Body **********
2021-03-30 12:21:35 INFO  Reward Engine Test:45 - Response Body==>{"transactionStatus":"ACCEPTED"}
2021-03-30 12:38:23 INFO  Reward Engine Test:25 - *********Started Test Case **********
2021-03-30 12:38:23 INFO  Reward Engine Test:28 - *********Started_Post_Request_Process **********
2021-03-30 12:39:09 INFO  Reward Engine Test:25 - *********Started Test Case **********
2021-03-30 12:39:09 INFO  Reward Engine Test:28 - *********Started_Post_Request_Process **********
2021-03-30 12:40:08 INFO  Reward Engine Test:25 - *********Started Test Case **********
2021-03-30 12:40:08 INFO  Reward Engine Test:28 - *********Started_Post_Request_Process **********
2021-03-30 12:41:12 INFO  Reward Engine Test:25 - *********Started Test Case **********
2021-03-30 12:41:12 INFO  Reward Engine Test:28 - *********Started_Post_Request_Process **********
2021-03-30 12:42:14 INFO  Reward Engine Test:25 - *********Started Test Case **********
2021-03-30 12:42:14 INFO  Reward Engine Test:28 - *********Started_Post_Request_Process **********
2021-03-30 12:43:33 INFO  Reward Engine Test:25 - *********Started Test Case **********
2021-03-30 12:43:33 INFO  Reward Engine Test:28 - *********Started_Post_Request_Process **********
2021-03-30 12:44:26 INFO  Reward Engine Test:25 - *********Started Test Case **********
2021-03-30 12:44:26 INFO  Reward Engine Test:28 - *********Started_Post_Request_Process **********
2021-03-30 12:45:39 INFO  Reward Engine Test:25 - *********Started Test Case **********
2021-03-30 12:45:39 INFO  Reward Engine Test:28 - *********Started_Post_Request_Process **********
2021-03-30 13:21:18 INFO  Reward Engine Test:25 - *********Started Test Case **********
2021-03-30 13:21:18 INFO  Reward Engine Test:28 - *********Started_Post_Request_Process **********
2021-03-30 13:24:58 INFO  Reward Engine Test:25 - *********Started Test Case **********
2021-03-30 13:24:58 INFO  Reward Engine Test:28 - *********Started_Post_Request_Process **********
2021-03-30 13:26:14 INFO  Reward Engine Test:25 - *********Started Test Case **********
2021-03-30 13:26:14 INFO  Reward Engine Test:28 - *********Started_Post_Request_Process **********
2021-03-30 13:29:19 INFO  Reward Engine Test:25 - *********Started Test Case **********
2021-03-30 13:29:19 INFO  Reward Engine Test:28 - *********Started_Post_Request_Process **********
2021-03-30 13:35:13 INFO  Reward Engine Test:25 - *********Started Test Case **********
2021-03-30 13:35:13 INFO  Reward Engine Test:28 - *********Started_Post_Request_Process **********
2021-03-30 13:37:13 INFO  Reward Engine Test:25 - *********Started Test Case **********
2021-03-30 13:37:13 INFO  Reward Engine Test:28 - *********Started_Post_Request_Process **********
2021-03-30 13:40:18 INFO  Reward Engine Test:25 - *********Started Test Case **********
2021-03-30 13:40:18 INFO  Reward Engine Test:28 - *********Started_Post_Request_Process **********
2021-03-30 13:47:44 INFO  Reward Engine Test:25 - *********Started Test Case **********
2021-03-30 13:47:44 INFO  Reward Engine Test:28 - *********Started_Post_Request_Process **********
2021-03-30 13:47:59 INFO  Reward Engine Test:25 - *********Started Test Case **********
2021-03-30 13:47:59 INFO  Reward Engine Test:28 - *********Started_Post_Request_Process **********
2021-03-30 13:48:15 INFO  Reward Engine Test:25 - *********Started Test Case **********
2021-03-30 13:48:15 INFO  Reward Engine Test:28 - *********Started_Post_Request_Process **********
2021-03-30 13:57:23 INFO  Reward Engine Test:25 - *********Started Test Case **********
2021-03-30 13:57:23 INFO  Reward Engine Test:28 - *********Started_Post_Request_Process **********
2021-03-30 14:00:10 INFO  Reward Engine Test:25 - *********Started Test Case **********
2021-03-30 14:00:10 INFO  Reward Engine Test:28 - *********Started_Post_Request_Process **********
2021-03-30 14:02:07 INFO  Reward Engine Test:25 - *********Started Test Case **********
2021-03-30 14:02:07 INFO  Reward Engine Test:28 - *********Started_Post_Request_Process **********
2021-03-30 14:09:58 INFO  Reward Engine Test:25 - *********Started Test Case **********
2021-03-30 14:09:58 INFO  Reward Engine Test:28 - *********Started_Post_Request_Process **********
2021-03-30 14:17:36 INFO  Reward Engine Test:25 - *********Started Test Case **********
2021-03-30 14:17:36 INFO  Reward Engine Test:28 - *********Started_Post_Request_Process **********
2021-03-30 14:21:56 INFO  Reward Engine Test:25 - *********Started Test Case **********
2021-03-30 14:21:56 INFO  Reward Engine Test:28 - *********Started_Post_Request_Process **********
2021-03-30 14:23:47 INFO  Reward Engine Test:25 - *********Started Test Case **********
2021-03-30 14:23:47 INFO  Reward Engine Test:28 - *********Started_Post_Request_Process **********
2021-03-30 14:30:33 INFO  Reward Engine Test:25 - *********Started Test Case **********
2021-03-30 14:30:33 INFO  Reward Engine Test:28 - *********Started_Post_Request_Process **********
2021-03-30 14:30:57 INFO  Reward Engine Test:25 - *********Started Test Case **********
2021-03-30 14:30:57 INFO  Reward Engine Test:28 - *********Started_Post_Request_Process **********
2021-03-30 14:33:25 INFO  Reward Engine Test:25 - *********Started Test Case **********
2021-03-30 14:33:25 INFO  Reward Engine Test:28 - *********Started_Post_Request_Process **********
2021-03-30 14:34:28 INFO  Reward Engine Test:25 - *********Started Test Case **********
2021-03-30 14:34:28 INFO  Reward Engine Test:28 - *********Started_Post_Request_Process **********
2021-03-30 14:42:38 INFO  Reward Engine Test:25 - *********Started Test Case **********
2021-03-30 14:42:38 INFO  Reward Engine Test:28 - *********Started_Post_Request_Process **********
2021-03-30 14:43:01 INFO  Reward Engine Test:25 - *********Started Test Case **********
2021-03-30 14:43:01 INFO  Reward Engine Test:28 - *********Started_Post_Request_Process **********
2021-03-30 14:45:11 INFO  Reward Engine Test:25 - *********Started Test Case **********
2021-03-30 14:45:11 INFO  Reward Engine Test:28 - *********Started_Post_Request_Process **********
2021-03-30 14:45:32 INFO  Reward Engine Test:25 - *********Started Test Case **********
2021-03-30 14:45:32 INFO  Reward Engine Test:28 - *********Started_Post_Request_Process **********
2021-03-30 14:55:05 INFO  Reward Engine Test:25 - *********Started Test Case **********
2021-03-30 14:55:05 INFO  Reward Engine Test:28 - *********Started_Post_Request_Process **********
2021-03-30 14:55:23 INFO  Reward Engine Test:25 - *********Started Test Case **********
2021-03-30 14:55:23 INFO  Reward Engine Test:28 - *********Started_Post_Request_Process **********
2021-03-30 14:57:40 INFO  Reward Engine Test:25 - *********Started Test Case **********
2021-03-30 14:57:40 INFO  Reward Engine Test:28 - *********Started_Post_Request_Process **********
2021-03-30 14:58:11 INFO  Reward Engine Test:25 - *********Started Test Case **********
2021-03-30 14:58:11 INFO  Reward Engine Test:28 - *********Started_Post_Request_Process **********
2021-03-30 15:01:54 INFO  Reward Engine Test:25 - *********Started Test Case **********
2021-03-30 15:01:54 INFO  Reward Engine Test:28 - *********Started_Post_Request_Process **********
2021-03-30 16:36:47 INFO  Reward Engine Test:23 - *********Started Test Case **********
2021-03-30 16:36:47 INFO  Reward Engine Test:26 - *********Started_Post_Request_Process **********
2021-03-31 16:49:31 INFO  Reward Engine Test:23 - *********Started Test Case **********
2021-03-31 16:49:31 INFO  Reward Engine Test:26 - *********Started_Post_Request_Process **********
2021-03-31 16:49:42 INFO  Reward Engine Test:40 - ***********  Checking Respose Body **********
2021-03-31 16:49:42 INFO  Reward Engine Test:43 - Response Body==>{"transactionStatus":"ACCEPTED"}
2021-03-31 16:51:55 INFO  Reward Engine Test:23 - *********Started Test Case **********
2021-03-31 16:51:55 INFO  Reward Engine Test:26 - *********Started_Post_Request_Process **********
2021-03-31 16:52:06 INFO  Reward Engine Test:40 - ***********  Checking Respose Body **********
2021-03-31 16:52:06 INFO  Reward Engine Test:43 - Response Body==>{"transactionStatus":"ACCEPTED"}
2021-04-01 13:39:21 INFO  Reward Engine Test:30 - *********Started Test Case **********
2021-04-01 13:39:21 INFO  Reward Engine Test:33 - *********Started_Post_Request_Process **********
2021-04-01 13:40:06 INFO  Reward Engine Test:23 - *********Started Test Case **********
2021-04-01 13:40:06 INFO  Reward Engine Test:26 - *********Started_Post_Request_Process **********
2021-04-01 14:33:43 INFO  Reward Engine Test:30 - *********Started Test Case **********
2021-04-01 14:33:43 INFO  Reward Engine Test:33 - *********Started_Post_Request_Process **********
2021-04-01 14:34:10 INFO  Reward Engine Test:47 - ***********  Checking Respose Body **********
2021-04-01 14:34:10 INFO  Reward Engine Test:50 - Response Body==>java.net.ConnectException: Connection timed out: connect
2021-04-01 14:39:20 INFO  Reward Engine Test:30 - *********Started Test Case **********
2021-04-01 14:39:20 INFO  Reward Engine Test:33 - *********Started_Post_Request_Process **********
2021-04-01 14:39:48 INFO  Reward Engine Test:47 - ***********  Checking Respose Body **********
2021-04-01 14:39:48 INFO  Reward Engine Test:50 - Response Body==>java.net.ConnectException: Connection timed out: connect
2021-04-01 15:20:49 INFO  Reward Engine Test:30 - *********Started Test Case **********
2021-04-01 15:20:49 INFO  Reward Engine Test:33 - *********Started_Post_Request_Process **********
2021-04-01 15:21:17 INFO  Reward Engine Test:47 - ***********  Checking Respose Body **********
2021-04-01 15:21:17 INFO  Reward Engine Test:50 - Response Body==>java.net.ConnectException: Connection timed out: connect
2021-04-01 15:31:15 INFO  Reward Engine Test:34 - *********Started Test Case **********
2021-04-01 15:31:15 INFO  Reward Engine Test:37 - *********Started_Post_Request_Process **********
2021-04-01 15:31:42 INFO  Reward Engine Test:51 - ***********  Checking Respose Body **********
2021-04-01 15:31:42 INFO  Reward Engine Test:54 - Response Body==>java.net.ConnectException: Connection timed out: connect
2021-04-01 15:37:27 INFO  Reward Engine Test:34 - *********Started Test Case **********
2021-04-01 15:37:27 INFO  Reward Engine Test:37 - *********Started_Post_Request_Process **********
2021-04-01 15:37:39 INFO  Reward Engine Test:51 - ***********  Checking Respose Body **********
2021-04-01 15:37:39 INFO  Reward Engine Test:54 - Response Body==>{"transactionStatus":"BAD_REQUEST"}
2021-04-01 15:49:43 INFO  Reward Engine Test:34 - *********Started Test Case **********
2021-04-01 15:49:43 INFO  Reward Engine Test:37 - *********Started_Post_Request_Process **********
2021-04-01 15:49:55 INFO  Reward Engine Test:51 - ***********  Checking Respose Body **********
2021-04-01 15:49:55 INFO  Reward Engine Test:54 - Response Body==>{"transactionStatus":"BAD_REQUEST"}
2021-04-01 15:57:34 INFO  Reward Engine Test:34 - *********Started Test Case **********
2021-04-01 15:57:34 INFO  Reward Engine Test:37 - *********Started_Post_Request_Process **********
2021-04-01 15:57:46 INFO  Reward Engine Test:51 - ***********  Checking Respose Body **********
2021-04-01 15:57:46 INFO  Reward Engine Test:54 - Response Body==>{"transactionStatus":"ACCEPTED"}
2021-04-01 16:03:01 INFO  Reward Engine Test:35 - *********Started Test Case **********
2021-04-01 16:03:01 INFO  Reward Engine Test:38 - *********Started_Post_Request_Process **********
2021-04-01 16:03:13 INFO  Reward Engine Test:52 - ***********  Checking Respose Body **********
2021-04-01 16:03:13 INFO  Reward Engine Test:55 - Response Body==>{"transactionStatus":"ACCEPTED"}
2021-04-01 16:05:02 INFO  Reward Engine Test:35 - *********Started Test Case **********
2021-04-01 16:05:02 INFO  Reward Engine Test:38 - *********Started_Post_Request_Process **********
2021-04-01 16:05:14 INFO  Reward Engine Test:52 - ***********  Checking Respose Body **********
2021-04-01 16:05:14 INFO  Reward Engine Test:55 - Response Body==>{"transactionStatus":"ACCEPTED"}
2021-04-01 16:06:51 INFO  Reward Engine Test:35 - *********Started Test Case **********
2021-04-01 16:06:51 INFO  Reward Engine Test:38 - *********Started_Post_Request_Process **********
2021-04-01 16:07:03 INFO  Reward Engine Test:52 - ***********  Checking Respose Body **********
2021-04-01 16:07:03 INFO  Reward Engine Test:55 - Response Body==>{"transactionStatus":"ACCEPTED"}
2021-04-01 16:09:09 INFO  Reward Engine Test:35 - *********Started Test Case **********
2021-04-01 16:09:09 INFO  Reward Engine Test:38 - *********Started_Post_Request_Process **********
2021-04-01 16:09:21 INFO  Reward Engine Test:52 - ***********  Checking Respose Body **********
2021-04-01 16:09:21 INFO  Reward Engine Test:55 - Response Body==>{"transactionStatus":"ACCEPTED"}
2021-04-01 16:11:34 INFO  Reward Engine Test:35 - *********Started Test Case **********
2021-04-01 16:11:34 INFO  Reward Engine Test:38 - *********Started_Post_Request_Process **********
2021-04-01 16:11:45 INFO  Reward Engine Test:52 - ***********  Checking Respose Body **********
2021-04-01 16:11:45 INFO  Reward Engine Test:55 - Response Body==>{"transactionStatus":"ACCEPTED"}
2021-04-01 16:16:08 INFO  Reward Engine Test:37 - *********Started Test Case **********
2021-04-01 16:16:08 INFO  Reward Engine Test:40 - *********Started_Post_Request_Process **********
2021-04-01 16:16:19 INFO  Reward Engine Test:54 - ***********  Checking Respose Body **********
2021-04-01 16:16:19 INFO  Reward Engine Test:57 - Response Body==>{"transactionStatus":"ACCEPTED"}
2021-04-01 16:18:34 INFO  Reward Engine Test:37 - *********Started Test Case **********
2021-04-01 16:18:34 INFO  Reward Engine Test:40 - *********Started_Post_Request_Process **********
2021-04-01 16:18:45 INFO  Reward Engine Test:54 - ***********  Checking Respose Body **********
2021-04-01 16:18:45 INFO  Reward Engine Test:57 - Response Body==>{"transactionStatus":"ACCEPTED"}
2021-04-01 16:26:36 INFO  Reward Engine Test:37 - *********Started Test Case **********
2021-04-01 16:26:36 INFO  Reward Engine Test:40 - *********Started_Post_Request_Process **********
2021-04-01 16:26:48 INFO  Reward Engine Test:54 - ***********  Checking Respose Body **********
2021-04-01 16:26:48 INFO  Reward Engine Test:57 - Response Body==>{"transactionStatus":"ACCEPTED"}
2021-04-01 16:28:33 INFO  Reward Engine Test:37 - *********Started Test Case **********
2021-04-01 16:28:33 INFO  Reward Engine Test:40 - *********Started_Post_Request_Process **********
2021-04-01 16:28:45 INFO  Reward Engine Test:54 - ***********  Checking Respose Body **********
2021-04-01 16:28:45 INFO  Reward Engine Test:57 - Response Body==>{"transactionStatus":"ACCEPTED"}
2021-04-01 16:39:45 INFO  Reward Engine Test:39 - *********Started Test Case **********
2021-04-01 16:39:45 INFO  Reward Engine Test:42 - *********Started_Post_Request_Process **********
2021-04-01 16:39:57 INFO  Reward Engine Test:56 - ***********  Checking Respose Body **********
2021-04-01 16:39:57 INFO  Reward Engine Test:59 - Response Body==>{"transactionStatus":"ACCEPTED"}
2021-04-01 16:47:24 INFO  Reward Engine Test:32 - *********Started Test Case **********
2021-04-01 16:47:24 INFO  Reward Engine Test:35 - *********Started_Post_Request_Process **********
2021-04-01 16:47:35 INFO  Reward Engine Test:49 - ***********  Checking Respose Body **********
2021-04-01 16:47:35 INFO  Reward Engine Test:52 - Response Body==>{"transactionStatus":"ACCEPTED"}
2021-04-01 16:52:25 INFO  Reward Engine Test:32 - *********Started Test Case **********
2021-04-01 16:52:25 INFO  Reward Engine Test:35 - *********Started_Post_Request_Process **********
2021-04-01 16:52:36 INFO  Reward Engine Test:49 - ***********  Checking Respose Body **********
2021-04-01 16:52:36 INFO  Reward Engine Test:52 - Response Body==>{"transactionStatus":"ACCEPTED"}
2021-04-01 17:02:57 INFO  Reward Engine Test:32 - *********Started Test Case **********
2021-04-01 17:02:57 INFO  Reward Engine Test:35 - *********Started_Post_Request_Process **********
2021-04-01 17:03:09 INFO  Reward Engine Test:49 - ***********  Checking Respose Body **********
2021-04-01 17:03:09 INFO  Reward Engine Test:52 - Response Body==>{"transactionStatus":"ACCEPTED"}
2021-04-01 17:05:34 INFO  Reward Engine Test:32 - *********Started Test Case **********
2021-04-01 17:05:34 INFO  Reward Engine Test:35 - *********Started_Post_Request_Process **********
2021-04-01 17:05:46 INFO  Reward Engine Test:49 - ***********  Checking Respose Body **********
2021-04-01 17:05:46 INFO  Reward Engine Test:52 - Response Body==>{"transactionStatus":"ACCEPTED"}
2021-04-01 17:06:41 INFO  Reward Engine Test:32 - *********Started Test Case **********
2021-04-01 17:06:41 INFO  Reward Engine Test:35 - *********Started_Post_Request_Process **********
2021-04-01 17:06:53 INFO  Reward Engine Test:49 - ***********  Checking Respose Body **********
2021-04-01 17:06:53 INFO  Reward Engine Test:52 - Response Body==>{"transactionStatus":"ACCEPTED"}
2021-04-01 17:07:59 INFO  Reward Engine Test:32 - *********Started Test Case **********
2021-04-01 17:07:59 INFO  Reward Engine Test:35 - *********Started_Post_Request_Process **********
2021-04-01 17:08:11 INFO  Reward Engine Test:49 - ***********  Checking Respose Body **********
2021-04-01 17:08:11 INFO  Reward Engine Test:52 - Response Body==>{"transactionStatus":"ACCEPTED"}
2021-04-01 17:14:44 INFO  Reward Engine Test:34 - *********Started Test Case **********
2021-04-01 17:14:44 INFO  Reward Engine Test:37 - *********Started_Post_Request_Process **********
2021-04-01 17:14:56 INFO  Reward Engine Test:51 - ***********  Checking Respose Body **********
2021-04-01 17:14:56 INFO  Reward Engine Test:54 - Response Body==>{"transactionStatus":"ACCEPTED"}
2021-04-01 17:17:36 INFO  Reward Engine Test:34 - *********Started Test Case **********
2021-04-01 17:17:36 INFO  Reward Engine Test:37 - *********Started_Post_Request_Process **********
2021-04-01 17:17:47 INFO  Reward Engine Test:51 - ***********  Checking Respose Body **********
2021-04-01 17:17:47 INFO  Reward Engine Test:54 - Response Body==>{"transactionStatus":"ACCEPTED"}
2021-04-01 17:20:02 INFO  Reward Engine Test:34 - *********Started Test Case **********
2021-04-01 17:20:02 INFO  Reward Engine Test:37 - *********Started_Post_Request_Process **********
2021-04-01 17:20:13 INFO  Reward Engine Test:51 - ***********  Checking Respose Body **********
2021-04-01 17:20:13 INFO  Reward Engine Test:54 - Response Body==>{"transactionStatus":"ACCEPTED"}
2021-04-01 17:23:05 INFO  Reward Engine Test:34 - *********Started Test Case **********
2021-04-01 17:23:05 INFO  Reward Engine Test:37 - *********Started_Post_Request_Process **********
2021-04-01 17:23:16 INFO  Reward Engine Test:51 - ***********  Checking Respose Body **********
2021-04-01 17:23:16 INFO  Reward Engine Test:54 - Response Body==>{"transactionStatus":"ACCEPTED"}
2021-04-01 17:26:51 INFO  Reward Engine Test:34 - *********Started Test Case **********
2021-04-01 17:26:51 INFO  Reward Engine Test:37 - *********Started_Post_Request_Process **********
2021-04-01 17:27:02 INFO  Reward Engine Test:51 - ***********  Checking Respose Body **********
2021-04-01 17:27:02 INFO  Reward Engine Test:54 - Response Body==>{"transactionStatus":"ACCEPTED"}
2021-04-01 17:30:42 INFO  Reward Engine Test:36 - *********Started Test Case **********
2021-04-01 17:30:42 INFO  Reward Engine Test:39 - *********Started_Post_Request_Process **********
2021-04-01 17:30:53 INFO  Reward Engine Test:53 - ***********  Checking Respose Body **********
2021-04-01 17:30:53 INFO  Reward Engine Test:56 - Response Body==>{"transactionStatus":"ACCEPTED"}
2021-04-01 17:33:22 INFO  Reward Engine Test:36 - *********Started Test Case **********
2021-04-01 17:33:22 INFO  Reward Engine Test:39 - *********Started_Post_Request_Process **********
2021-04-01 17:33:33 INFO  Reward Engine Test:53 - ***********  Checking Respose Body **********
2021-04-01 17:33:33 INFO  Reward Engine Test:56 - Response Body==>{"transactionStatus":"ACCEPTED"}
2021-04-01 17:35:23 INFO  Reward Engine Test:36 - *********Started Test Case **********
2021-04-01 17:35:23 INFO  Reward Engine Test:39 - *********Started_Post_Request_Process **********
2021-04-01 17:35:34 INFO  Reward Engine Test:53 - ***********  Checking Respose Body **********
2021-04-01 17:35:34 INFO  Reward Engine Test:56 - Response Body==>{"transactionStatus":"ACCEPTED"}
2021-04-01 17:38:00 INFO  Reward Engine Test:37 - *********Started Test Case **********
2021-04-01 17:38:00 INFO  Reward Engine Test:40 - *********Started_Post_Request_Process **********
2021-04-01 17:38:11 INFO  Reward Engine Test:54 - ***********  Checking Respose Body **********
2021-04-01 17:38:11 INFO  Reward Engine Test:57 - Response Body==>{"transactionStatus":"ACCEPTED"}
2021-04-01 17:38:55 INFO  Reward Engine Test:37 - *********Started Test Case **********
2021-04-01 17:38:55 INFO  Reward Engine Test:40 - *********Started_Post_Request_Process **********
2021-04-01 17:39:06 INFO  Reward Engine Test:54 - ***********  Checking Respose Body **********
2021-04-01 17:39:06 INFO  Reward Engine Test:57 - Response Body==>{"transactionStatus":"ACCEPTED"}
2021-04-01 17:42:31 INFO  Reward Engine Test:37 - *********Started Test Case **********
2021-04-01 17:42:31 INFO  Reward Engine Test:40 - *********Started_Post_Request_Process **********
2021-04-01 17:42:42 INFO  Reward Engine Test:54 - ***********  Checking Respose Body **********
2021-04-01 17:42:42 INFO  Reward Engine Test:57 - Response Body==>{"transactionStatus":"ACCEPTED"}
2021-04-02 09:45:10 INFO  Reward Engine Test:40 - *********Started Test Case **********
2021-04-02 09:45:10 INFO  Reward Engine Test:43 - *********Started_Post_Request_Process **********
2021-04-02 09:45:52 INFO  Reward Engine Test:40 - *********Started Test Case **********
2021-04-02 09:45:52 INFO  Reward Engine Test:43 - *********Started_Post_Request_Process **********
2021-04-02 09:46:04 INFO  Reward Engine Test:57 - ***********  Checking Respose Body **********
2021-04-02 09:46:04 INFO  Reward Engine Test:60 - Response Body==>{"transactionStatus":"ACCEPTED"}
2021-04-02 09:49:34 INFO  Reward Engine Test:40 - *********Started Test Case **********
2021-04-02 09:49:34 INFO  Reward Engine Test:43 - *********Started_Post_Request_Process **********
2021-04-02 09:49:45 INFO  Reward Engine Test:57 - ***********  Checking Respose Body **********
2021-04-02 09:49:45 INFO  Reward Engine Test:60 - Response Body==>{"transactionStatus":"ACCEPTED"}
2021-04-02 09:51:08 INFO  Reward Engine Test:40 - *********Started Test Case **********
2021-04-02 09:51:08 INFO  Reward Engine Test:43 - *********Started_Post_Request_Process **********
2021-04-02 09:51:20 INFO  Reward Engine Test:57 - ***********  Checking Respose Body **********
2021-04-02 09:51:20 INFO  Reward Engine Test:60 - Response Body==>{"transactionStatus":"ACCEPTED"}
2021-04-02 09:53:40 INFO  Reward Engine Test:40 - *********Started Test Case **********
2021-04-02 09:53:40 INFO  Reward Engine Test:43 - *********Started_Post_Request_Process **********
2021-04-02 09:53:52 INFO  Reward Engine Test:57 - ***********  Checking Respose Body **********
2021-04-02 09:53:52 INFO  Reward Engine Test:60 - Response Body==>{"transactionStatus":"ACCEPTED"}
2021-04-02 10:07:38 INFO  Reward Engine Test:40 - *********Started Test Case **********
2021-04-02 10:07:38 INFO  Reward Engine Test:43 - *********Started_Post_Request_Process **********
2021-04-02 10:07:50 INFO  Reward Engine Test:57 - ***********  Checking Respose Body **********
2021-04-02 10:07:50 INFO  Reward Engine Test:60 - Response Body==>{"transactionStatus":"ACCEPTED"}
2021-04-02 10:09:07 INFO  Reward Engine Test:40 - *********Started Test Case **********
2021-04-02 10:09:07 INFO  Reward Engine Test:43 - *********Started_Post_Request_Process **********
2021-04-02 10:09:19 INFO  Reward Engine Test:57 - ***********  Checking Respose Body **********
2021-04-02 10:09:19 INFO  Reward Engine Test:60 - Response Body==>{"transactionStatus":"ACCEPTED"}
2021-04-02 10:12:19 INFO  Reward Engine Test:40 - *********Started Test Case **********
2021-04-02 10:12:19 INFO  Reward Engine Test:43 - *********Started_Post_Request_Process **********
2021-04-02 10:12:31 INFO  Reward Engine Test:57 - ***********  Checking Respose Body **********
2021-04-02 10:12:31 INFO  Reward Engine Test:60 - Response Body==>{"transactionStatus":"ACCEPTED"}
2021-04-02 11:54:04 INFO  Reward Engine Test:40 - *********Started Test Case **********
2021-04-02 11:54:04 INFO  Reward Engine Test:43 - *********Started_Post_Request_Process **********
2021-04-02 11:54:15 INFO  Reward Engine Test:57 - ***********  Checking Respose Body **********
2021-04-02 11:54:15 INFO  Reward Engine Test:60 - Response Body==>{"transactionStatus":"ACCEPTED"}
2021-04-02 11:55:56 INFO  Reward Engine Test:40 - *********Started Test Case **********
2021-04-02 11:55:56 INFO  Reward Engine Test:43 - *********Started_Post_Request_Process **********
2021-04-02 11:56:07 INFO  Reward Engine Test:57 - ***********  Checking Respose Body **********
2021-04-02 11:56:07 INFO  Reward Engine Test:60 - Response Body==>{"transactionStatus":"ACCEPTED"}
2021-04-02 11:58:43 INFO  Reward Engine Test:40 - *********Started Test Case **********
2021-04-02 11:58:43 INFO  Reward Engine Test:43 - *********Started_Post_Request_Process **********
2021-04-02 11:58:54 INFO  Reward Engine Test:57 - ***********  Checking Respose Body **********
2021-04-02 11:58:54 INFO  Reward Engine Test:60 - Response Body==>{"transactionStatus":"ACCEPTED"}
2021-04-02 13:31:20 INFO  Reward Engine Test:40 - *********Started Test Case **********
2021-04-02 13:31:20 INFO  Reward Engine Test:43 - *********Started_Post_Request_Process **********
2021-04-02 13:31:31 INFO  Reward Engine Test:57 - ***********  Checking Respose Body **********
2021-04-02 13:31:31 INFO  Reward Engine Test:60 - Response Body==>{"transactionStatus":"ACCEPTED"}
2021-04-02 13:32:36 INFO  Reward Engine Test:40 - *********Started Test Case **********
2021-04-02 13:32:36 INFO  Reward Engine Test:43 - *********Started_Post_Request_Process **********
2021-04-02 13:32:46 INFO  Reward Engine Test:57 - ***********  Checking Respose Body **********
2021-04-02 13:32:46 INFO  Reward Engine Test:60 - Response Body==>{"transactionStatus":"ACCEPTED"}
2021-04-02 14:19:45 INFO  Reward Engine Test:41 - *********Started Test Case **********
2021-04-02 14:19:45 INFO  Reward Engine Test:44 - *********Started_Post_Request_Process **********
2021-04-02 14:19:56 INFO  Reward Engine Test:58 - ***********  Checking Respose Body **********
2021-04-02 14:19:56 INFO  Reward Engine Test:61 - Response Body==>{"transactionStatus":"ACCEPTED"}
2021-04-02 14:21:40 INFO  Reward Engine Test:41 - *********Started Test Case **********
2021-04-02 14:21:40 INFO  Reward Engine Test:44 - *********Started_Post_Request_Process **********
2021-04-02 14:21:50 INFO  Reward Engine Test:58 - ***********  Checking Respose Body **********
2021-04-02 14:21:50 INFO  Reward Engine Test:61 - Response Body==>{"transactionStatus":"ACCEPTED"}
2021-04-02 15:16:26 INFO  Reward Engine Test:41 - *********Started Test Case **********
2021-04-02 15:16:26 INFO  Reward Engine Test:44 - *********Started_Post_Request_Process **********
2021-04-02 15:16:54 INFO  Reward Engine Test:58 - ***********  Checking Respose Body **********
2021-04-02 15:16:54 INFO  Reward Engine Test:61 - Response Body==>java.net.ConnectException: Connection timed out: connect
2021-04-02 15:17:27 INFO  Reward Engine Test:41 - *********Started Test Case **********
2021-04-02 15:17:27 INFO  Reward Engine Test:44 - *********Started_Post_Request_Process **********
2021-04-02 15:17:39 INFO  Reward Engine Test:58 - ***********  Checking Respose Body **********
2021-04-02 15:17:39 INFO  Reward Engine Test:61 - Response Body==>{"transactionStatus":"ACCEPTED"}
2021-04-02 15:19:29 INFO  Reward Engine Test:41 - *********Started Test Case **********
2021-04-02 15:19:29 INFO  Reward Engine Test:44 - *********Started_Post_Request_Process **********
2021-04-02 15:19:39 INFO  Reward Engine Test:58 - ***********  Checking Respose Body **********
2021-04-02 15:19:39 INFO  Reward Engine Test:61 - Response Body==>{"transactionStatus":"ACCEPTED"}
2023-08-10 10:57:09 INFO  Reward Engine Test:48 - *********Started Test Case **********
2023-08-10 10:57:09 INFO  Reward Engine Test:51 - *********Started_Post_Request_Process **********
2023-08-10 10:57:36 INFO  Reward Engine Test:65 - ***********  Checking Respose Body **********
2023-08-10 10:57:36 INFO  Reward Engine Test:68 - Response Body==>java.net.ConnectException: Connection timed out: connect
2023-08-10 10:58:46 INFO  Reward Engine Test:48 - *********Started Test Case **********
2023-08-10 10:58:46 INFO  Reward Engine Test:51 - *********Started_Post_Request_Process **********
2023-08-10 10:59:12 INFO  Reward Engine Test:65 - ***********  Checking Respose Body **********
2023-08-10 10:59:12 INFO  Reward Engine Test:68 - Response Body==>java.net.ConnectException: Connection timed out: connect
2023-08-10 11:08:09 INFO  Reward Engine Test:23 - *********Started Test Case **********
2023-08-10 11:11:02 INFO  Reward Engine Test:23 - *********Started Test Case **********
2023-08-10 11:15:47 INFO  Reward Engine Test:23 - *********Started Test Case **********
2023-08-10 12:40:11 INFO  Reward Engine Test:23 - *********Started Test Case **********
2023-08-10 12:40:11 INFO  Reward Engine Test:26 - *********Started_Post_Request_Process **********
2023-08-10 12:40:38 INFO  Reward Engine Test:40 - ***********  Checking Respose Body **********
2023-08-10 12:40:38 INFO  Reward Engine Test:43 - Response Body==>java.net.ConnectException: Connection timed out: connect
2023-08-10 12:46:37 INFO  Reward Engine Test:23 - *********Started Test Case **********
2023-08-10 12:49:33 INFO  Reward Engine Test:23 - *********Started Test Case **********
2023-08-10 13:10:34 INFO  Reward Engine Test:23 - *********Started Test Case **********
2023-08-10 13:21:58 INFO  Amazon Test:21 - *********Started Test Case **********
2023-08-10 13:39:14 INFO  Amazon Test:22 - *********Started Test Case **********
2023-08-10 13:40:08 INFO  Amazon Test:22 - *********Started Test Case **********
2023-08-10 13:42:25 INFO  Amazon Test:22 - *********Started Test Case **********
2023-08-10 13:57:53 INFO  Amazon Test:22 - *********Started Test Case **********
2023-08-10 14:10:27 INFO  Amazon Test:22 - *********Started Test Case **********
2023-08-10 14:17:36 INFO  Amazon Test:22 - *********Started Test Case **********
2023-08-10 14:18:07 INFO  Amazon Test:22 - *********Started Test Case **********
2023-08-10 14:32:21 INFO  Amazon Test:22 - *********Started Test Case **********
2023-08-10 14:34:26 INFO  Amazon Test:22 - *********Started Test Case **********
2023-08-10 14:45:08 INFO  Amazon Test:22 - *********Started Test Case **********
2023-08-10 14:48:36 INFO  Amazon Test:22 - *********Started Test Case **********
2023-08-10 15:04:19 INFO  Amazon Test:22 - *********Started Test Case **********
2023-08-10 15:12:33 INFO  Amazon Test:22 - *********Started Test Case **********
2023-08-10 15:19:11 INFO  Amazon Test:22 - *********Started Test Case **********
2023-08-10 15:19:37 INFO  Amazon Test:22 - *********Started Test Case **********
2023-08-10 15:30:50 INFO  Amazon Test:24 - *********Started Test Case **********
2023-08-10 15:43:09 INFO  Amazon Test:24 - *********Started Test Case **********
2023-08-10 15:46:55 INFO  Amazon Test:24 - *********Started Test Case **********
2023-08-10 15:49:49 INFO  Amazon Test:24 - *********Started Test Case **********
2023-08-10 15:54:39 INFO  Amazon Test:24 - *********Started Test Case **********
2023-08-10 15:57:18 INFO  Amazon Test:24 - *********Started Test Case **********
2023-08-10 16:01:43 INFO  Amazon Test:24 - *********Started Test Case **********
2023-08-10 16:03:22 INFO  Amazon Test:24 - *********Started Test Case **********
2023-08-10 16:10:37 INFO  Amazon Test:24 - *********Started Test Case **********
2023-08-10 16:20:23 INFO  Amazon Test:24 - *********Started Test Case **********
2023-08-10 16:22:06 INFO  Amazon Test:24 - *********Started Test Case **********
2023-08-10 16:27:21 INFO  Amazon Test:24 - *********Started Test Case **********
2023-08-10 16:28:42 INFO  Amazon Test:24 - *********Started Test Case **********
2023-08-10 16:30:19 INFO  Amazon Test:24 - *********Started Test Case **********
2023-08-10 16:39:20 INFO  Amazon Test:24 - *********Started Test Case **********
2023-08-10 16:39:43 INFO  Amazon Test:24 - *********Started Test Case **********
2023-08-10 16:41:05 INFO  Amazon Test:24 - *********Started Test Case **********
2023-08-10 16:54:54 INFO  Amazon Test:24 - *********Started Test Case **********
2023-08-10 17:00:04 INFO  Amazon Test:24 - *********Started Test Case **********
2023-08-10 17:14:58 INFO  Amazon Test:24 - *********Started Test Case **********
2023-08-10 17:15:24 INFO  Amazon Test:24 - *********Started Test Case **********
2023-08-10 17:15:53 INFO  Amazon Test:24 - *********Started Test Case **********
2023-08-10 17:17:09 INFO  Amazon Test:24 - *********Started Test Case **********
2023-08-10 17:18:23 INFO  Amazon Test:24 - *********Started Test Case **********
2023-08-10 17:19:46 INFO  Amazon Test:24 - *********Started Test Case **********
2023-08-10 17:29:12 INFO  Amazon Test:24 - *********Started Test Case **********
2023-08-10 19:44:29 INFO  Amazon Test:19 - *********Started Test Case **********
